\BOOKMARK [1][-]{section*.2}{\376\377\144\130\000\040\211\201}{}% 1
\BOOKMARK [1][-]{section*.3}{\376\377\000A\000B\000S\000T\000R\000A\000C\000T}{}% 2
\BOOKMARK [1][-]{section.1}{\376\377\152\041\162\110\116\313\176\315\116\016\154\350\141\017\116\213\230\171}{}% 3
\BOOKMARK [2][-]{subsection.1.1}{\376\377\152\041\162\110\213\364\146\016}{section.1}% 4
\BOOKMARK [2][-]{subsection.1.2}{\376\377\116\013\217\175\133\211\210\305}{section.1}% 5
\BOOKMARK [2][-]{subsection.1.3}{\376\377\145\207\116\366\213\364\146\016}{section.1}% 6
\BOOKMARK [2][-]{subsection.1.4}{\376\377\123\302\200\003\145\207\163\056}{section.1}% 7
\BOOKMARK [2][-]{subsection.1.5}{\376\377\177\026\213\321\154\350\141\017\116\213\230\171}{section.1}% 8
\BOOKMARK [2][-]{subsection.1.6}{\376\377\121\115\215\043\130\360\146\016}{section.1}% 9
\BOOKMARK [1][-]{section.2}{\376\377\150\074\137\017\211\201\154\102}{}% 10
\BOOKMARK [2][-]{subsection.2.1}{\376\377\213\272\145\207\150\074\137\017\123\302\200\003}{section.2}% 11
\BOOKMARK [2][-]{subsection.2.2}{\376\377\134\001\227\142}{section.2}% 12
\BOOKMARK [2][-]{subsection.2.3}{\376\377\166\356\137\125}{section.2}% 13
\BOOKMARK [3][-]{subsubsection.2.3.1}{\376\377\164\006\135\345\171\321\174\173}{subsection.2.3}% 14
\BOOKMARK [3][-]{subsubsection.2.3.2}{\376\377\145\207\171\321\174\173}{subsection.2.3}% 15
\BOOKMARK [3][-]{subsubsection.2.3.3}{\376\377\230\230\166\356}{subsection.2.3}% 16
\BOOKMARK [3][-]{subsubsection.2.3.4}{\376\377\144\130\211\201\060\001\121\163\225\056\213\315}{subsection.2.3}% 17
\BOOKMARK [3][-]{subsubsection.2.3.5}{\376\377\213\272\145\207\145\207\117\123}{subsection.2.3}% 18
\BOOKMARK [1][-]{section.3}{\376\377\126\376\162\107\143\322\121\145}{}% 19
\BOOKMARK [1][-]{section.4}{\376\377\210\150\150\074\176\330\122\066}{}% 20
\BOOKMARK [2][-]{subsection.4.1}{\376\377\000e\000x\000c\000e\000l\0002\000l\000a\000t\000e\000x\143\322\116\366}{section.4}% 21
\BOOKMARK [2][-]{subsection.4.2}{\376\377\150\074\137\017\214\003\145\164}{section.4}% 22
\BOOKMARK [1][-]{section.5}{\376\377\116\343\170\001\143\322\121\145\000\040}{}% 23
\BOOKMARK [1][-]{section*.4}{\376\377\201\364\000\040\214\042}{}% 24
